0 [140692213098304] INFO perfrun.launcher <> - Launcher main begin
0 [140692213098304] INFO perfrun.launcher <> - MessageCatalogInit finished
0 [140692213098304] INFO perfrun.launcher <> - Launcher instance created
0 [140692213098304] INFO perfrun.launcher <> - argc = 6; cmdline = /opt/intel/oneapi/vtune/2025.0/bin64/amplxe-runss -dump-vdso -r /home/shukai/course/ee451/EE451_sdp_CPU/os --tmp-dir /tmp/amplxe-tmp-shukai 
15 [140692213098304] INFO perfrun.perfcollector <> - SEP tool path: /opt/intel/oneapi/vtune/2025.0/bin64/sep
17 [140692213098304] INFO perfrun.launcher <> - create msngr2::ICliToolContext
17 [140692213098304] INFO perfrun.launcher <> - create file finder object
39 [140692059842112] INFO perfrun.launcher <> - plugin [remoteplug] was disabled because it doesn't support the given collection type.
39 [140692059842112] INFO perfrun.launcher <> - plugin [system] was disabled because it doesn't support the given collection type.
39 [140692059842112] INFO perfrun.vdso <> - dumping [vdso] pseudomodule
40 [140692059842112] INFO perfrun.launcher <> - plugin [itt] was disabled because it doesn't support the given collection type.
40 [140692059842112] INFO perfrun.launcher <> - plugin [ptracecollector] was disabled because it doesn't support the given collection type.
40 [140692059842112] INFO perfrun.launcher <> - plugin [gpu] was disabled because it doesn't support the given collection type.
40 [140692059842112] INFO perfrun.launcher <> - plugin [] was disabled because it doesn't support the given collection type.
40 [140692059842112] INFO perfrun.launcher <> - plugin [] was disabled because it doesn't support the given collection type.
40 [140692059842112] INFO perfrun.launcher <> - plugin [] was disabled because it doesn't support the given collection type.
40 [140692059842112] INFO perfrun.launcher <> - plugin [mrte] was disabled because it doesn't support the given collection type.
40 [140692059842112] INFO perfrun.launcher <> - plugin [emon] was disabled because it doesn't support the given collection type.
40 [140692059842112] INFO perfrun.launcher <> - plugin [cuscol] was disabled because it doesn't support the given collection type.
40 [140692059842112] INFO perfrun.launcher <> - plugin [stdsrc] was disabled because it doesn't support the given collection type.
40 [140692059842112] INFO perfrun.launcher <> - plugin [sep] was disabled because it doesn't support the given collection type.
40 [140692059842112] INFO perfrun.launcher <> - plugin [vtsspp] was disabled because it doesn't support the given collection type.
40 [140692059842112] INFO perfrun.launcher <> - plugin [perf] was disabled because it doesn't support the given collection type.
40 [140692059842112] INFO perfrun.launcher <> - plugin [aoclprofile] was disabled because it doesn't support the given collection type.
40 [140692059842112] INFO perfrun.launcher <> - plugin [tpss] was disabled because it doesn't support the given collection type.
40 [140692059842112] INFO perfrun.launcher <> - plugin [media] was disabled because it doesn't support the given collection type.
40 [140692059842112] INFO perfrun.launcher <> - plugin [] was disabled because it doesn't support the given collection type.
40 [140692059842112] INFO perfrun.launcher <> - plugin [] was disabled because it doesn't support the given collection type.
40 [140692059842112] INFO perfrun.launcher <> - plugin [parallelfs] was disabled because it doesn't support the given collection type.
40 [140692059842112] INFO perfrun.launcher <> - plugin [power] was disabled because it doesn't support the given collection type.
40 [140692059842112] INFO perfrun.launcher <> - plugin [] was disabled because it doesn't support the given collection type.
40 [140692059842112] INFO perfrun.launcher <> - plugin [ipmwatch] was disabled because it doesn't support the given collection type.
40 [140692059842112] INFO perfrun.launcher <> - plugin [os_counters] was disabled because it doesn't support the given collection type.
40 [140692059842112] INFO perfrun.launcher <> - plugin [l0_metrics] was disabled because it doesn't support the given collection type.
40 [140692213098304] INFO perfrun.launcher <> - Application exit code: 0
40 [140692213098304] INFO perfrun.launcher <> - Exit code: 0
